<?xml version="1.0" encoding="UTF-8"?>
<!-- Generated by org.testng.reporters.JUnitXMLReporter -->
<testsuite hostname="137IT1FL20665W7" name="Regression Testcases" tests="4" failures="2" timestamp="28 Jan 2016 18:47:55 GMT" time="179.478" errors="0">
  <testcase name="LoginAndEquipDownChrome" time="58.431" classname="TestCases.LoginAndSetPersonnelDetach"/>
  <testcase name="LoginAndSetPersonUnavailableChrome" time="65.431" classname="TestCases.LoginAndSetUnavailable"/>
  <testcase name="LoginAndEquipDownChrome" time="25.905" classname="TestCases.LoginAndSetMDA">
    <failure type="org.openqa.selenium.NoSuchElementException" message="no such element
  (Session info: chrome=41.0.2272.118)
  (Driver info: chromedriver=2.15.322448 (52179c1b310fec1797c81ea9a20326839860b7d3),platform=Windows NT 6.1 SP1 x86_64) (WARNING: The server did not provide any stacktrace information)
Command duration or timeout: 15 milliseconds
For documentation on this error, please visit: http://seleniumhq.org/exceptions/no_such_element.html
Build info: version: &amp;apos;2.48.2&amp;apos;, revision: &amp;apos;41bccdd&amp;apos;, time: &amp;apos;2015-10-09 19:55:52&amp;apos;
System info: host: &amp;apos;137IT1FL20665W7&amp;apos;, ip: &amp;apos;10.133.20.48&amp;apos;, os.name: &amp;apos;Windows 7&amp;apos;, os.arch: &amp;apos;x86&amp;apos;, os.version: &amp;apos;6.1&amp;apos;, java.version: &amp;apos;1.8.0_65&amp;apos;
Driver info: org.openqa.selenium.chrome.ChromeDriver
Capabilities [{applicationCacheEnabled=false, rotatable=false, mobileEmulationEnabled=false, chrome={userDataDir=C:\Windows\scoped_dir49352_31606}, takesHeapSnapshot=true, databaseEnabled=false, handlesAlerts=true, version=41.0.2272.118, platform=XP, browserConnectionEnabled=false, nativeEvents=true, acceptSslCerts=true, locationContextEnabled=true, webStorageEnabled=true, browserName=chrome, takesScreenshot=true, javascriptEnabled=true, cssSelectorsEnabled=true}]
Session ID: 0f41a13a3b4482db674b21bb35177415
*** Element info: {Using=xpath, value=//*[@id=&amp;apos;nav&amp;apos;]/div[2]/div[1]/div[2]/div[2]}">
      <![CDATA[org.openqa.selenium.NoSuchElementException: no such element
  (Session info: chrome=41.0.2272.118)
  (Driver info: chromedriver=2.15.322448 (52179c1b310fec1797c81ea9a20326839860b7d3),platform=Windows NT 6.1 SP1 x86_64) (WARNING: The server did not provide any stacktrace information)
Command duration or timeout: 15 milliseconds
For documentation on this error, please visit: http://seleniumhq.org/exceptions/no_such_element.html
Build info: version: '2.48.2', revision: '41bccdd', time: '2015-10-09 19:55:52'
System info: host: '137IT1FL20665W7', ip: '10.133.20.48', os.name: 'Windows 7', os.arch: 'x86', os.version: '6.1', java.version: '1.8.0_65'
Driver info: org.openqa.selenium.chrome.ChromeDriver
Capabilities [{applicationCacheEnabled=false, rotatable=false, mobileEmulationEnabled=false, chrome={userDataDir=C:\Windows\scoped_dir49352_31606}, takesHeapSnapshot=true, databaseEnabled=false, handlesAlerts=true, version=41.0.2272.118, platform=XP, browserConnectionEnabled=false, nativeEvents=true, acceptSslCerts=true, locationContextEnabled=true, webStorageEnabled=true, browserName=chrome, takesScreenshot=true, javascriptEnabled=true, cssSelectorsEnabled=true}]
Session ID: 0f41a13a3b4482db674b21bb35177415
*** Element info: {Using=xpath, value=//*[@id='nav']/div[2]/div[1]/div[2]/div[2]}
	at org.openqa.selenium.remote.ErrorHandler.createThrowable(ErrorHandler.java:206)
	at org.openqa.selenium.remote.ErrorHandler.throwIfResponseFailed(ErrorHandler.java:158)
	at org.openqa.selenium.remote.RemoteWebDriver.execute(RemoteWebDriver.java:647)
	at org.openqa.selenium.remote.RemoteWebDriver.findElement(RemoteWebDriver.java:353)
	at org.openqa.selenium.remote.RemoteWebDriver.findElementByXPath(RemoteWebDriver.java:490)
	at org.openqa.selenium.By$ByXPath.findElement(By.java:361)
	at org.openqa.selenium.remote.RemoteWebDriver.findElement(RemoteWebDriver.java:345)
	at ObjectRepository.SetMDA.TestScenario(SetMDA.java:38)
	at TestCases.LoginAndSetMDA.LoginAndEquipDownChrome(LoginAndSetMDA.java:40)
... Removed 27 stack frames]]>
    </failure>
  </testcase> <!-- LoginAndEquipDownChrome -->
  <testcase name="LoginAndSetSpecialPositionChrome" time="29.69" classname="TestCases.LoginAndSetSpecialPosition">
    <failure type="org.openqa.selenium.NoSuchElementException" message="no such element
  (Session info: chrome=41.0.2272.118)
  (Driver info: chromedriver=2.15.322448 (52179c1b310fec1797c81ea9a20326839860b7d3),platform=Windows NT 6.1 SP1 x86_64) (WARNING: The server did not provide any stacktrace information)
Command duration or timeout: 17 milliseconds
For documentation on this error, please visit: http://seleniumhq.org/exceptions/no_such_element.html
Build info: version: &amp;apos;2.48.2&amp;apos;, revision: &amp;apos;41bccdd&amp;apos;, time: &amp;apos;2015-10-09 19:55:52&amp;apos;
System info: host: &amp;apos;137IT1FL20665W7&amp;apos;, ip: &amp;apos;10.133.20.48&amp;apos;, os.name: &amp;apos;Windows 7&amp;apos;, os.arch: &amp;apos;x86&amp;apos;, os.version: &amp;apos;6.1&amp;apos;, java.version: &amp;apos;1.8.0_65&amp;apos;
Driver info: org.openqa.selenium.chrome.ChromeDriver
Capabilities [{applicationCacheEnabled=false, rotatable=false, mobileEmulationEnabled=false, chrome={userDataDir=C:\Windows\scoped_dir51128_32700}, takesHeapSnapshot=true, databaseEnabled=false, handlesAlerts=true, version=41.0.2272.118, platform=XP, browserConnectionEnabled=false, nativeEvents=true, acceptSslCerts=true, locationContextEnabled=true, webStorageEnabled=true, browserName=chrome, takesScreenshot=true, javascriptEnabled=true, cssSelectorsEnabled=true}]
Session ID: c1120537daa23625110051eb01e0815a
*** Element info: {Using=xpath, value=//*[@id=&amp;apos;nav&amp;apos;]/div[2]/div[1]/div[2]/div[2]}">
      <![CDATA[org.openqa.selenium.NoSuchElementException: no such element
  (Session info: chrome=41.0.2272.118)
  (Driver info: chromedriver=2.15.322448 (52179c1b310fec1797c81ea9a20326839860b7d3),platform=Windows NT 6.1 SP1 x86_64) (WARNING: The server did not provide any stacktrace information)
Command duration or timeout: 17 milliseconds
For documentation on this error, please visit: http://seleniumhq.org/exceptions/no_such_element.html
Build info: version: '2.48.2', revision: '41bccdd', time: '2015-10-09 19:55:52'
System info: host: '137IT1FL20665W7', ip: '10.133.20.48', os.name: 'Windows 7', os.arch: 'x86', os.version: '6.1', java.version: '1.8.0_65'
Driver info: org.openqa.selenium.chrome.ChromeDriver
Capabilities [{applicationCacheEnabled=false, rotatable=false, mobileEmulationEnabled=false, chrome={userDataDir=C:\Windows\scoped_dir51128_32700}, takesHeapSnapshot=true, databaseEnabled=false, handlesAlerts=true, version=41.0.2272.118, platform=XP, browserConnectionEnabled=false, nativeEvents=true, acceptSslCerts=true, locationContextEnabled=true, webStorageEnabled=true, browserName=chrome, takesScreenshot=true, javascriptEnabled=true, cssSelectorsEnabled=true}]
Session ID: c1120537daa23625110051eb01e0815a
*** Element info: {Using=xpath, value=//*[@id='nav']/div[2]/div[1]/div[2]/div[2]}
	at org.openqa.selenium.remote.ErrorHandler.createThrowable(ErrorHandler.java:206)
	at org.openqa.selenium.remote.ErrorHandler.throwIfResponseFailed(ErrorHandler.java:158)
	at org.openqa.selenium.remote.RemoteWebDriver.execute(RemoteWebDriver.java:647)
	at org.openqa.selenium.remote.RemoteWebDriver.findElement(RemoteWebDriver.java:353)
	at org.openqa.selenium.remote.RemoteWebDriver.findElementByXPath(RemoteWebDriver.java:490)
	at org.openqa.selenium.By$ByXPath.findElement(By.java:361)
	at org.openqa.selenium.remote.RemoteWebDriver.findElement(RemoteWebDriver.java:345)
	at ObjectRepository.SetSpecialPosition.TestScenario(SetSpecialPosition.java:39)
	at TestCases.LoginAndSetSpecialPosition.LoginAndSetSpecialPositionChrome(LoginAndSetSpecialPosition.java:37)
... Removed 27 stack frames]]>
    </failure>
  </testcase> <!-- LoginAndSetSpecialPositionChrome -->
</testsuite> <!-- Regression Testcases -->
